<?xml version="1.0" encoding="UTF-8"?>
<testsuite xmlns:xsi="http://www.w3.org/2001/XMLSchema-instance" xsi:noNamespaceSchemaLocation="https://maven.apache.org/surefire/maven-surefire-plugin/xsd/surefire-test-report-3.0.xsd" version="3.0" name="com.example.jar.CalculatorTest" time="0.085" tests="5" errors="0" skipped="0" failures="0">
  <properties>
[...]
</properties>
  <testcase name="add" classname="com.example.jar.CalculatorTest" time="0.028"/>
  <testcase name="div" classname="com.example.jar.CalculatorTest" time="0.002"/>
  <testcase name="mul" classname="com.example.jar.CalculatorTest" time="0.0"/>
  <testcase name="sub" classname="com.example.jar.CalculatorTest" time="0.0"/>
  <testcase name="divByZeroThrows" classname="com.example.jar.CalculatorTest" time="0.008"/>
</testsuite>